{"level":"info","message":"::1 - - [22/Feb/2026:07:54:36 +0000] \"GET / HTTP/1.1\" 200 26 \"-\" \"Mozilla/5.0 (X11; Linux x86_64) AppleWebKit/537.36 (KHTML, like Gecko) Chrome/145.0.0.0 Safari/537.36\"","service":"acquisitions-api"}
{"level":"info","message":"::1 - - [22/Feb/2026:07:54:36 +0000] \"GET /favicon.ico HTTP/1.1\" 404 150 \"-\" \"Mozilla/5.0 (X11; Linux x86_64) AppleWebKit/537.36 (KHTML, like Gecko) Chrome/145.0.0.0 Safari/537.36\"","service":"acquisitions-api"}
{"level":"info","message":"::1 - - [23/Feb/2026:16:53:45 +0000] \"POST /api/auth/register HTTP/1.1\" 500 82 \"-\" \"PostmanRuntime/7.39.1\"","service":"acquisitions-api"}
{"level":"info","message":"::1 - - [23/Feb/2026:16:55:57 +0000] \"POST /api/auth/register HTTP/1.1\" 500 82 \"-\" \"PostmanRuntime/7.39.1\"","service":"acquisitions-api"}
{"level":"info","message":"::1 - - [23/Feb/2026:16:56:13 +0000] \"POST /api/auth/register HTTP/1.1\" 500 82 \"-\" \"PostmanRuntime/7.39.1\"","service":"acquisitions-api"}
{"level":"info","message":"::1 - - [23/Feb/2026:16:56:56 +0000] \"POST /api/auth/register HTTP/1.1\" 500 82 \"-\" \"PostmanRuntime/7.39.1\"","service":"acquisitions-api"}
{"level":"info","message":"::1 - - [23/Feb/2026:16:58:13 +0000] \"POST /api/auth/register HTTP/1.1\" 500 82 \"-\" \"PostmanRuntime/7.39.1\"","service":"acquisitions-api"}
{"level":"info","message":"::1 - - [23/Feb/2026:17:02:37 +0000] \"POST /api/auth/register HTTP/1.1\" 500 82 \"-\" \"PostmanRuntime/7.39.1\"","service":"acquisitions-api"}
{"level":"info","message":"::1 - - [23/Feb/2026:17:04:02 +0000] \"POST /api/auth/register HTTP/1.1\" 500 82 \"-\" \"PostmanRuntime/7.39.1\"","service":"acquisitions-api"}
{"level":"info","message":"::1 - - [23/Feb/2026:17:04:38 +0000] \"POST /api/auth/register HTTP/1.1\" 500 82 \"-\" \"PostmanRuntime/7.39.1\"","service":"acquisitions-api"}
{"level":"info","message":"::1 - - [23/Feb/2026:17:08:24 +0000] \"POST /api/auth/register HTTP/1.1\" 500 82 \"-\" \"PostmanRuntime/7.39.1\"","service":"acquisitions-api"}
{"level":"info","message":"::1 - - [23/Feb/2026:17:08:58 +0000] \"POST /api/auth/register HTTP/1.1\" 500 82 \"-\" \"PostmanRuntime/7.39.1\"","service":"acquisitions-api"}
{"level":"info","message":"::1 - - [23/Feb/2026:17:09:20 +0000] \"POST /api/auth/register HTTP/1.1\" 500 82 \"-\" \"PostmanRuntime/7.39.1\"","service":"acquisitions-api"}
{"level":"info","message":"::1 - - [23/Feb/2026:17:13:40 +0000] \"POST /api/auth/register HTTP/1.1\" 500 82 \"-\" \"PostmanRuntime/7.39.1\"","service":"acquisitions-api"}
{"level":"info","message":"::1 - - [23/Feb/2026:17:15:37 +0000] \"POST /api/auth/register HTTP/1.1\" 500 42 \"-\" \"PostmanRuntime/7.39.1\"","service":"acquisitions-api"}
{"level":"info","message":"::1 - - [23/Feb/2026:17:17:31 +0000] \"POST /api/auth/register HTTP/1.1\" 500 42 \"-\" \"PostmanRuntime/7.39.1\"","service":"acquisitions-api"}
{"level":"info","message":"::1 - - [23/Feb/2026:17:19:05 +0000] \"POST /api/auth/register HTTP/1.1\" 500 42 \"-\" \"PostmanRuntime/7.39.1\"","service":"acquisitions-api"}
{"level":"info","message":"::1 - - [23/Feb/2026:17:19:40 +0000] \"POST /api/auth/register HTTP/1.1\" 500 42 \"-\" \"PostmanRuntime/7.39.1\"","service":"acquisitions-api"}
{"level":"info","message":"::1 - - [23/Feb/2026:17:20:08 +0000] \"POST /api/auth/register HTTP/1.1\" 500 42 \"-\" \"PostmanRuntime/7.39.1\"","service":"acquisitions-api"}
{"level":"info","message":"::1 - - [23/Feb/2026:17:20:48 +0000] \"POST /api/auth/register HTTP/1.1\" 500 42 \"-\" \"PostmanRuntime/7.39.1\"","service":"acquisitions-api"}
{"level":"info","message":"::1 - - [23/Feb/2026:17:21:16 +0000] \"POST /api/auth/register HTTP/1.1\" 500 42 \"-\" \"PostmanRuntime/7.39.1\"","service":"acquisitions-api"}
{"level":"info","message":"User registered successfully","service":"acquisitions-api"}
{"level":"info","message":"::1 - - [23/Feb/2026:17:24:42 +0000] \"POST /api/auth/register HTTP/1.1\" 200 42 \"-\" \"PostmanRuntime/7.39.1\"","service":"acquisitions-api"}
{"level":"info","message":"::1 - - [23/Feb/2026:17:25:59 +0000] \"POST /api/auth/login HTTP/1.1\" 500 40 \"-\" \"PostmanRuntime/7.39.1\"","service":"acquisitions-api"}
{"level":"info","message":"User logged in successfully","service":"acquisitions-api"}
{"level":"info","message":"::1 - - [23/Feb/2026:17:26:36 +0000] \"POST /api/auth/login HTTP/1.1\" 200 41 \"-\" \"PostmanRuntime/7.39.1\"","service":"acquisitions-api"}
{"level":"info","message":"::1 - - [24/Feb/2026:05:41:25 +0000] \"POST /api/auth/login HTTP/1.1\" 500 83 \"-\" \"PostmanRuntime/7.39.1\"","service":"acquisitions-api"}
{"level":"info","message":"User logged in successfully","service":"acquisitions-api"}
{"level":"info","message":"::1 - - [24/Feb/2026:05:42:17 +0000] \"POST /api/auth/login HTTP/1.1\" 200 41 \"-\" \"PostmanRuntime/7.39.1\"","service":"acquisitions-api"}
{"level":"info","message":"User logged in successfully","service":"acquisitions-api"}
{"level":"info","message":"::1 - - [24/Feb/2026:05:43:32 +0000] \"POST /api/auth/login HTTP/1.1\" 200 41 \"-\" \"PostmanRuntime/7.39.1\"","service":"acquisitions-api"}
{"level":"info","message":"User logged in successfully","service":"acquisitions-api"}
{"level":"info","message":"::1 - - [24/Feb/2026:05:44:25 +0000] \"POST /api/auth/login HTTP/1.1\" 200 41 \"-\" \"PostmanRuntime/7.39.1\"","service":"acquisitions-api"}
{"level":"info","message":"User logged in successfully","service":"acquisitions-api"}
{"level":"info","message":"::1 - - [24/Feb/2026:05:45:16 +0000] \"POST /api/auth/login HTTP/1.1\" 200 41 \"-\" \"PostmanRuntime/7.39.1\"","service":"acquisitions-api"}
{"level":"info","message":"User logged in successfully","service":"acquisitions-api"}
{"level":"info","message":"::1 - - [24/Feb/2026:05:46:43 +0000] \"POST /api/auth/login HTTP/1.1\" 200 41 \"-\" \"PostmanRuntime/7.39.1\"","service":"acquisitions-api"}
{"level":"info","message":"User logged in successfully","service":"acquisitions-api"}
{"level":"info","message":"::1 - - [24/Feb/2026:05:47:51 +0000] \"POST /api/auth/login HTTP/1.1\" 200 41 \"-\" \"PostmanRuntime/7.39.1\"","service":"acquisitions-api"}
{"level":"info","message":"User logged in successfully","service":"acquisitions-api"}
{"level":"info","message":"::1 - - [24/Feb/2026:05:49:45 +0000] \"POST /api/auth/login HTTP/1.1\" 200 41 \"-\" \"PostmanRuntime/7.39.1\"","service":"acquisitions-api"}
{"level":"info","message":"User logged in successfully","service":"acquisitions-api"}
{"level":"info","message":"::1 - - [24/Feb/2026:07:21:19 +0000] \"POST /api/auth/login HTTP/1.1\" 500 66 \"-\" \"PostmanRuntime/7.39.1\"","service":"acquisitions-api"}
{"level":"info","message":"::1 - - [24/Feb/2026:07:34:30 +0000] \"POST /api/auth/login HTTP/1.1\" 500 34 \"-\" \"PostmanRuntime/7.39.1\"","service":"acquisitions-api"}
{"level":"info","message":"::1 - - [24/Feb/2026:07:35:30 +0000] \"POST /api/auth/login HTTP/1.1\" 500 45 \"-\" \"PostmanRuntime/7.39.1\"","service":"acquisitions-api"}
{"level":"info","message":"::1 - - [24/Feb/2026:07:37:52 +0000] \"POST /api/auth/login HTTP/1.1\" 500 49 \"-\" \"PostmanRuntime/7.39.1\"","service":"acquisitions-api"}
{"level":"info","message":"::1 - - [24/Feb/2026:07:39:41 +0000] \"POST /api/auth/login HTTP/1.1\" 500 35 \"-\" \"PostmanRuntime/7.39.1\"","service":"acquisitions-api"}
{"ip":"::1","level":"warn","message":"Bot detected","path":"/api/auth/login","service":"acquisitions-api","userAgent":"PostmanRuntime/7.39.1"}
{"level":"info","message":"::1 - - [24/Feb/2026:07:40:04 +0000] \"POST /api/auth/login HTTP/1.1\" 500 60 \"-\" \"PostmanRuntime/7.39.1\"","service":"acquisitions-api"}
{"level":"info","message":"::1 - - [27/Feb/2026:08:42:59 +0000] \"GET /health HTTP/1.1\" 200 2 \"-\" \"-\"","service":"acquisitions-api"}
{"level":"info","message":"::1 - - [27/Feb/2026:08:43:30 +0000] \"GET /health HTTP/1.1\" 200 2 \"-\" \"-\"","service":"acquisitions-api"}
{"level":"info","message":"::1 - - [27/Feb/2026:08:44:00 +0000] \"GET /health HTTP/1.1\" 200 2 \"-\" \"-\"","service":"acquisitions-api"}
{"level":"info","message":"::1 - - [27/Feb/2026:08:44:30 +0000] \"GET /health HTTP/1.1\" 200 2 \"-\" \"-\"","service":"acquisitions-api"}
{"level":"info","message":"::1 - - [27/Feb/2026:08:45:01 +0000] \"GET /health HTTP/1.1\" 200 2 \"-\" \"-\"","service":"acquisitions-api"}
{"level":"info","message":"::1 - - [27/Feb/2026:08:45:31 +0000] \"GET /health HTTP/1.1\" 200 2 \"-\" \"-\"","service":"acquisitions-api"}
{"level":"info","message":"::1 - - [27/Feb/2026:08:46:01 +0000] \"GET /health HTTP/1.1\" 200 2 \"-\" \"-\"","service":"acquisitions-api"}
{"level":"info","message":"::1 - - [27/Feb/2026:08:46:32 +0000] \"GET /health HTTP/1.1\" 200 2 \"-\" \"-\"","service":"acquisitions-api"}
{"level":"info","message":"::1 - - [27/Feb/2026:08:47:02 +0000] \"GET /health HTTP/1.1\" 200 2 \"-\" \"-\"","service":"acquisitions-api"}
{"level":"info","message":"::1 - - [27/Feb/2026:08:47:32 +0000] \"GET /health HTTP/1.1\" 200 2 \"-\" \"-\"","service":"acquisitions-api"}
{"level":"info","message":"::1 - - [27/Feb/2026:08:48:03 +0000] \"GET /health HTTP/1.1\" 200 2 \"-\" \"-\"","service":"acquisitions-api"}
{"level":"info","message":"::1 - - [27/Feb/2026:08:48:33 +0000] \"GET /health HTTP/1.1\" 200 2 \"-\" \"-\"","service":"acquisitions-api"}
{"level":"info","message":"::1 - - [27/Feb/2026:08:49:04 +0000] \"GET /health HTTP/1.1\" 200 2 \"-\" \"-\"","service":"acquisitions-api"}
{"level":"info","message":"::1 - - [27/Feb/2026:08:49:34 +0000] \"GET /health HTTP/1.1\" 200 2 \"-\" \"-\"","service":"acquisitions-api"}
{"level":"info","message":"::1 - - [27/Feb/2026:08:50:04 +0000] \"GET /health HTTP/1.1\" 200 2 \"-\" \"-\"","service":"acquisitions-api"}
{"level":"info","message":"::1 - - [27/Feb/2026:08:50:34 +0000] \"GET /health HTTP/1.1\" 200 2 \"-\" \"-\"","service":"acquisitions-api"}
{"level":"info","message":"::1 - - [27/Feb/2026:08:51:05 +0000] \"GET /health HTTP/1.1\" 200 2 \"-\" \"-\"","service":"acquisitions-api"}
{"level":"info","message":"::1 - - [27/Feb/2026:08:51:35 +0000] \"GET /health HTTP/1.1\" 200 2 \"-\" \"-\"","service":"acquisitions-api"}
{"level":"info","message":"::1 - - [27/Feb/2026:08:52:05 +0000] \"GET /health HTTP/1.1\" 200 2 \"-\" \"-\"","service":"acquisitions-api"}
{"level":"info","message":"::1 - - [27/Feb/2026:08:52:36 +0000] \"GET /health HTTP/1.1\" 200 2 \"-\" \"-\"","service":"acquisitions-api"}
{"level":"info","message":"::1 - - [27/Feb/2026:08:53:06 +0000] \"GET /health HTTP/1.1\" 200 2 \"-\" \"-\"","service":"acquisitions-api"}
{"level":"info","message":"::1 - - [27/Feb/2026:08:53:36 +0000] \"GET /health HTTP/1.1\" 200 2 \"-\" \"-\"","service":"acquisitions-api"}
{"level":"info","message":"::1 - - [27/Feb/2026:08:54:07 +0000] \"GET /health HTTP/1.1\" 200 2 \"-\" \"-\"","service":"acquisitions-api"}
{"level":"info","message":"::1 - - [27/Feb/2026:08:54:37 +0000] \"GET /health HTTP/1.1\" 200 2 \"-\" \"-\"","service":"acquisitions-api"}
{"level":"info","message":"::1 - - [27/Feb/2026:08:55:07 +0000] \"GET /health HTTP/1.1\" 200 2 \"-\" \"-\"","service":"acquisitions-api"}
{"level":"info","message":"::1 - - [27/Feb/2026:08:55:37 +0000] \"GET /health HTTP/1.1\" 200 2 \"-\" \"-\"","service":"acquisitions-api"}
{"level":"info","message":"::1 - - [27/Feb/2026:08:56:08 +0000] \"GET /health HTTP/1.1\" 200 2 \"-\" \"-\"","service":"acquisitions-api"}
{"level":"info","message":"::1 - - [27/Feb/2026:08:56:38 +0000] \"GET /health HTTP/1.1\" 200 2 \"-\" \"-\"","service":"acquisitions-api"}
{"level":"info","message":"::1 - - [27/Feb/2026:08:57:08 +0000] \"GET /health HTTP/1.1\" 200 2 \"-\" \"-\"","service":"acquisitions-api"}
{"level":"info","message":"::1 - - [27/Feb/2026:08:57:39 +0000] \"GET /health HTTP/1.1\" 200 2 \"-\" \"-\"","service":"acquisitions-api"}
{"level":"info","message":"::1 - - [27/Feb/2026:08:58:09 +0000] \"GET /health HTTP/1.1\" 200 2 \"-\" \"-\"","service":"acquisitions-api"}
{"level":"info","message":"::1 - - [27/Feb/2026:08:58:39 +0000] \"GET /health HTTP/1.1\" 200 2 \"-\" \"-\"","service":"acquisitions-api"}
{"level":"info","message":"::1 - - [27/Feb/2026:08:59:10 +0000] \"GET /health HTTP/1.1\" 200 2 \"-\" \"-\"","service":"acquisitions-api"}
{"level":"info","message":"::1 - - [27/Feb/2026:08:59:40 +0000] \"GET /health HTTP/1.1\" 200 2 \"-\" \"-\"","service":"acquisitions-api"}
{"level":"info","message":"::1 - - [27/Feb/2026:09:00:10 +0000] \"GET /health HTTP/1.1\" 200 2 \"-\" \"-\"","service":"acquisitions-api"}
{"level":"info","message":"::1 - - [27/Feb/2026:09:00:41 +0000] \"GET /health HTTP/1.1\" 200 2 \"-\" \"-\"","service":"acquisitions-api"}
{"level":"info","message":"::1 - - [27/Feb/2026:09:01:11 +0000] \"GET /health HTTP/1.1\" 200 2 \"-\" \"-\"","service":"acquisitions-api"}
{"level":"info","message":"::1 - - [27/Feb/2026:09:01:41 +0000] \"GET /health HTTP/1.1\" 200 2 \"-\" \"-\"","service":"acquisitions-api"}
{"level":"info","message":"::1 - - [27/Feb/2026:09:02:11 +0000] \"GET /health HTTP/1.1\" 200 2 \"-\" \"-\"","service":"acquisitions-api"}
{"level":"info","message":"::1 - - [27/Feb/2026:09:02:42 +0000] \"GET /health HTTP/1.1\" 200 2 \"-\" \"-\"","service":"acquisitions-api"}
{"level":"info","message":"::1 - - [27/Feb/2026:09:03:12 +0000] \"GET /health HTTP/1.1\" 200 2 \"-\" \"-\"","service":"acquisitions-api"}
{"level":"info","message":"::1 - - [27/Feb/2026:09:03:43 +0000] \"GET /health HTTP/1.1\" 200 2 \"-\" \"-\"","service":"acquisitions-api"}
{"level":"info","message":"::ffff:172.64.144.78 - - [27/Feb/2026:09:04:06 +0000] \"GET / HTTP/1.1\" 304 - \"-\" \"Mozilla/5.0 (X11; Linux x86_64) AppleWebKit/537.36 (KHTML, like Gecko) Chrome/145.0.0.0 Safari/537.36\"","service":"acquisitions-api"}
{"level":"info","message":"::ffff:172.64.144.78 - - [27/Feb/2026:09:04:07 +0000] \"GET /favicon.ico HTTP/1.1\" 404 150 \"-\" \"Mozilla/5.0 (X11; Linux x86_64) AppleWebKit/537.36 (KHTML, like Gecko) Chrome/145.0.0.0 Safari/537.36\"","service":"acquisitions-api"}
{"level":"info","message":"::1 - - [27/Feb/2026:09:04:13 +0000] \"GET /health HTTP/1.1\" 200 2 \"-\" \"-\"","service":"acquisitions-api"}
{"level":"info","message":"::1 - - [27/Feb/2026:09:04:43 +0000] \"GET /health HTTP/1.1\" 200 2 \"-\" \"-\"","service":"acquisitions-api"}
{"level":"info","message":"::1 - - [27/Feb/2026:09:05:14 +0000] \"GET /health HTTP/1.1\" 200 2 \"-\" \"-\"","service":"acquisitions-api"}
{"level":"info","message":"::1 - - [27/Feb/2026:09:05:44 +0000] \"GET /health HTTP/1.1\" 200 2 \"-\" \"-\"","service":"acquisitions-api"}
{"level":"info","message":"::1 - - [27/Feb/2026:09:06:14 +0000] \"GET /health HTTP/1.1\" 200 2 \"-\" \"-\"","service":"acquisitions-api"}
{"level":"info","message":"::1 - - [27/Feb/2026:09:06:44 +0000] \"GET /health HTTP/1.1\" 200 2 \"-\" \"-\"","service":"acquisitions-api"}
{"level":"info","message":"::1 - - [27/Feb/2026:09:07:15 +0000] \"GET /health HTTP/1.1\" 200 2 \"-\" \"-\"","service":"acquisitions-api"}
{"level":"info","message":"::1 - - [27/Feb/2026:09:07:45 +0000] \"GET /health HTTP/1.1\" 200 2 \"-\" \"-\"","service":"acquisitions-api"}
{"level":"info","message":"::1 - - [27/Feb/2026:09:08:15 +0000] \"GET /health HTTP/1.1\" 200 2 \"-\" \"-\"","service":"acquisitions-api"}
{"level":"info","message":"::1 - - [27/Feb/2026:09:08:46 +0000] \"GET /health HTTP/1.1\" 200 2 \"-\" \"-\"","service":"acquisitions-api"}
{"level":"info","message":"::1 - - [27/Feb/2026:09:09:16 +0000] \"GET /health HTTP/1.1\" 200 2 \"-\" \"-\"","service":"acquisitions-api"}
{"level":"info","message":"::1 - - [27/Feb/2026:09:09:46 +0000] \"GET /health HTTP/1.1\" 200 2 \"-\" \"-\"","service":"acquisitions-api"}
{"level":"info","message":"::1 - - [27/Feb/2026:09:10:17 +0000] \"GET /health HTTP/1.1\" 200 2 \"-\" \"-\"","service":"acquisitions-api"}
{"level":"info","message":"::1 - - [27/Feb/2026:09:10:47 +0000] \"GET /health HTTP/1.1\" 200 2 \"-\" \"-\"","service":"acquisitions-api"}
{"level":"info","message":"::1 - - [27/Feb/2026:09:11:17 +0000] \"GET /health HTTP/1.1\" 200 2 \"-\" \"-\"","service":"acquisitions-api"}
{"level":"info","message":"::1 - - [27/Feb/2026:09:11:48 +0000] \"GET /health HTTP/1.1\" 200 2 \"-\" \"-\"","service":"acquisitions-api"}
{"level":"info","message":"::1 - - [27/Feb/2026:09:12:18 +0000] \"GET /health HTTP/1.1\" 200 2 \"-\" \"-\"","service":"acquisitions-api"}
{"level":"info","message":"::1 - - [27/Feb/2026:09:12:49 +0000] \"GET /health HTTP/1.1\" 200 2 \"-\" \"-\"","service":"acquisitions-api"}
{"level":"info","message":"::1 - - [27/Feb/2026:09:13:19 +0000] \"GET /health HTTP/1.1\" 200 2 \"-\" \"-\"","service":"acquisitions-api"}
{"level":"info","message":"::1 - - [27/Feb/2026:09:13:49 +0000] \"GET /health HTTP/1.1\" 200 2 \"-\" \"-\"","service":"acquisitions-api"}
{"level":"info","message":"::1 - - [27/Feb/2026:09:14:20 +0000] \"GET /health HTTP/1.1\" 200 2 \"-\" \"-\"","service":"acquisitions-api"}
{"level":"info","message":"::1 - - [27/Feb/2026:09:14:50 +0000] \"GET /health HTTP/1.1\" 200 2 \"-\" \"-\"","service":"acquisitions-api"}
{"level":"info","message":"::1 - - [27/Feb/2026:09:15:20 +0000] \"GET /health HTTP/1.1\" 200 2 \"-\" \"-\"","service":"acquisitions-api"}
{"level":"info","message":"::1 - - [27/Feb/2026:09:15:51 +0000] \"GET /health HTTP/1.1\" 200 2 \"-\" \"-\"","service":"acquisitions-api"}
{"level":"info","message":"::1 - - [27/Feb/2026:09:16:21 +0000] \"GET /health HTTP/1.1\" 200 2 \"-\" \"-\"","service":"acquisitions-api"}
{"level":"info","message":"::1 - - [27/Feb/2026:09:16:51 +0000] \"GET /health HTTP/1.1\" 200 2 \"-\" \"-\"","service":"acquisitions-api"}
{"level":"info","message":"::1 - - [27/Feb/2026:09:17:22 +0000] \"GET /health HTTP/1.1\" 200 2 \"-\" \"-\"","service":"acquisitions-api"}
{"level":"info","message":"::1 - - [27/Feb/2026:09:17:52 +0000] \"GET /health HTTP/1.1\" 200 2 \"-\" \"-\"","service":"acquisitions-api"}
{"level":"info","message":"::1 - - [27/Feb/2026:09:18:22 +0000] \"GET /health HTTP/1.1\" 200 2 \"-\" \"-\"","service":"acquisitions-api"}
{"level":"info","message":"::1 - - [27/Feb/2026:09:18:53 +0000] \"GET /health HTTP/1.1\" 200 2 \"-\" \"-\"","service":"acquisitions-api"}
{"level":"info","message":"::1 - - [27/Feb/2026:09:19:23 +0000] \"GET /health HTTP/1.1\" 200 2 \"-\" \"-\"","service":"acquisitions-api"}
{"level":"info","message":"::ffff:192.168.65.1 - - [27/Feb/2026:09:19:42 +0000] \"GET /healthz HTTP/1.1\" 404 146 \"-\" \"Mozilla/5.0 (X11; Linux x86_64) AppleWebKit/537.36 (KHTML, like Gecko) Chrome/145.0.0.0 Safari/537.36\"","service":"acquisitions-api"}
{"level":"info","message":"::1 - - [27/Feb/2026:09:19:53 +0000] \"GET /health HTTP/1.1\" 200 2 \"-\" \"-\"","service":"acquisitions-api"}
{"level":"info","message":"::1 - - [27/Feb/2026:09:20:23 +0000] \"GET /health HTTP/1.1\" 200 2 \"-\" \"-\"","service":"acquisitions-api"}
{"level":"info","message":"::1 - - [27/Feb/2026:09:20:54 +0000] \"GET /health HTTP/1.1\" 200 2 \"-\" \"-\"","service":"acquisitions-api"}
{"level":"info","message":"::1 - - [27/Feb/2026:09:21:24 +0000] \"GET /health HTTP/1.1\" 200 2 \"-\" \"-\"","service":"acquisitions-api"}
{"level":"info","message":"::1 - - [27/Feb/2026:09:21:55 +0000] \"GET /health HTTP/1.1\" 200 2 \"-\" \"-\"","service":"acquisitions-api"}
{"level":"info","message":"::1 - - [27/Feb/2026:09:22:25 +0000] \"GET /health HTTP/1.1\" 200 2 \"-\" \"-\"","service":"acquisitions-api"}
{"level":"info","message":"::1 - - [27/Feb/2026:09:22:56 +0000] \"GET /health HTTP/1.1\" 200 2 \"-\" \"-\"","service":"acquisitions-api"}
{"level":"info","message":"::ffff:192.168.65.1 - - [27/Feb/2026:09:22:58 +0000] \"GET /healthz HTTP/1.1\" 404 146 \"-\" \"Mozilla/5.0 (X11; Linux x86_64) AppleWebKit/537.36 (KHTML, like Gecko) Chrome/145.0.0.0 Safari/537.36\"","service":"acquisitions-api"}
{"level":"info","message":"::ffff:192.168.65.1 - - [27/Feb/2026:09:23:01 +0000] \"GET / HTTP/1.1\" 304 - \"-\" \"Mozilla/5.0 (X11; Linux x86_64) AppleWebKit/537.36 (KHTML, like Gecko) Chrome/145.0.0.0 Safari/537.36\"","service":"acquisitions-api"}
{"level":"info","message":"::1 - - [27/Feb/2026:09:23:26 +0000] \"GET /health HTTP/1.1\" 200 2 \"-\" \"-\"","service":"acquisitions-api"}
{"level":"info","message":"::1 - - [27/Feb/2026:09:23:56 +0000] \"GET /health HTTP/1.1\" 200 2 \"-\" \"-\"","service":"acquisitions-api"}
{"level":"info","message":"::1 - - [27/Feb/2026:09:24:26 +0000] \"GET /health HTTP/1.1\" 200 2 \"-\" \"-\"","service":"acquisitions-api"}
{"level":"info","message":"::1 - - [27/Feb/2026:09:24:57 +0000] \"GET /health HTTP/1.1\" 200 2 \"-\" \"-\"","service":"acquisitions-api"}
{"level":"info","message":"::1 - - [27/Feb/2026:09:25:27 +0000] \"GET /health HTTP/1.1\" 200 2 \"-\" \"-\"","service":"acquisitions-api"}
{"level":"info","message":"::1 - - [27/Feb/2026:09:25:57 +0000] \"GET /health HTTP/1.1\" 200 2 \"-\" \"-\"","service":"acquisitions-api"}
{"level":"info","message":"::1 - - [27/Feb/2026:09:26:28 +0000] \"GET /health HTTP/1.1\" 200 2 \"-\" \"-\"","service":"acquisitions-api"}
{"level":"info","message":"::1 - - [27/Feb/2026:09:26:58 +0000] \"GET /health HTTP/1.1\" 200 2 \"-\" \"-\"","service":"acquisitions-api"}
{"level":"info","message":"::1 - - [27/Feb/2026:09:27:28 +0000] \"GET /health HTTP/1.1\" 200 2 \"-\" \"-\"","service":"acquisitions-api"}
{"level":"info","message":"::1 - - [27/Feb/2026:09:27:59 +0000] \"GET /health HTTP/1.1\" 200 2 \"-\" \"-\"","service":"acquisitions-api"}
{"level":"info","message":"::1 - - [27/Feb/2026:09:28:29 +0000] \"GET /health HTTP/1.1\" 200 2 \"-\" \"-\"","service":"acquisitions-api"}
{"level":"info","message":"::1 - - [27/Feb/2026:09:28:59 +0000] \"GET /health HTTP/1.1\" 200 2 \"-\" \"-\"","service":"acquisitions-api"}
{"level":"info","message":"::1 - - [27/Feb/2026:09:29:30 +0000] \"GET /health HTTP/1.1\" 200 2 \"-\" \"-\"","service":"acquisitions-api"}
{"level":"info","message":"::1 - - [27/Feb/2026:09:30:00 +0000] \"GET /health HTTP/1.1\" 200 2 \"-\" \"-\"","service":"acquisitions-api"}
{"level":"info","message":"::1 - - [27/Feb/2026:09:30:31 +0000] \"GET /health HTTP/1.1\" 200 2 \"-\" \"-\"","service":"acquisitions-api"}
{"level":"info","message":"::1 - - [27/Feb/2026:09:31:01 +0000] \"GET /health HTTP/1.1\" 200 2 \"-\" \"-\"","service":"acquisitions-api"}
{"level":"info","message":"::1 - - [27/Feb/2026:09:31:31 +0000] \"GET /health HTTP/1.1\" 200 2 \"-\" \"-\"","service":"acquisitions-api"}
{"level":"info","message":"::1 - - [27/Feb/2026:09:32:02 +0000] \"GET /health HTTP/1.1\" 200 2 \"-\" \"-\"","service":"acquisitions-api"}
{"level":"info","message":"::1 - - [27/Feb/2026:09:32:32 +0000] \"GET /health HTTP/1.1\" 200 2 \"-\" \"-\"","service":"acquisitions-api"}
{"level":"info","message":"::1 - - [27/Feb/2026:09:33:02 +0000] \"GET /health HTTP/1.1\" 200 2 \"-\" \"-\"","service":"acquisitions-api"}
{"level":"info","message":"::1 - - [27/Feb/2026:09:33:33 +0000] \"GET /health HTTP/1.1\" 200 2 \"-\" \"-\"","service":"acquisitions-api"}
{"level":"info","message":"::1 - - [27/Feb/2026:09:34:03 +0000] \"GET /health HTTP/1.1\" 200 2 \"-\" \"-\"","service":"acquisitions-api"}
{"level":"info","message":"::1 - - [27/Feb/2026:09:34:33 +0000] \"GET /health HTTP/1.1\" 200 2 \"-\" \"-\"","service":"acquisitions-api"}
{"level":"info","message":"::1 - - [27/Feb/2026:09:35:04 +0000] \"GET /health HTTP/1.1\" 200 2 \"-\" \"-\"","service":"acquisitions-api"}
{"level":"info","message":"::1 - - [27/Feb/2026:09:35:34 +0000] \"GET /health HTTP/1.1\" 200 2 \"-\" \"-\"","service":"acquisitions-api"}
{"level":"info","message":"::1 - - [27/Feb/2026:09:36:04 +0000] \"GET /health HTTP/1.1\" 200 2 \"-\" \"-\"","service":"acquisitions-api"}
{"level":"info","message":"::1 - - [27/Feb/2026:09:36:35 +0000] \"GET /health HTTP/1.1\" 200 2 \"-\" \"-\"","service":"acquisitions-api"}
{"level":"info","message":"::1 - - [27/Feb/2026:09:37:05 +0000] \"GET /health HTTP/1.1\" 200 2 \"-\" \"-\"","service":"acquisitions-api"}
{"level":"info","message":"::1 - - [27/Feb/2026:09:37:35 +0000] \"GET /health HTTP/1.1\" 200 2 \"-\" \"-\"","service":"acquisitions-api"}
{"level":"info","message":"::1 - - [27/Feb/2026:09:38:06 +0000] \"GET /health HTTP/1.1\" 200 2 \"-\" \"-\"","service":"acquisitions-api"}
{"level":"info","message":"::1 - - [27/Feb/2026:09:38:36 +0000] \"GET /health HTTP/1.1\" 200 2 \"-\" \"-\"","service":"acquisitions-api"}
{"level":"info","message":"::1 - - [27/Feb/2026:09:39:07 +0000] \"GET /health HTTP/1.1\" 200 2 \"-\" \"-\"","service":"acquisitions-api"}
{"level":"info","message":"::ffff:127.0.0.1 - - [27/Feb/2026:11:19:47 +0000] \"GET /health HTTP/1.1\" 200 102 \"-\" \"-\"","service":"acquisitions-api"}
{"level":"info","message":"::ffff:127.0.0.1 - - [27/Feb/2026:11:19:47 +0000] \"GET /noneexistent HTTP/1.1\" 404 23 \"-\" \"-\"","service":"acquisitions-api"}
